{"level":"info","message":"bootstraping server...","timestamp":"2023-09-01T04:23:05.979Z"}
{"level":"info","message":"initiating container...","timestamp":"2023-09-01T04:23:06.009Z"}
{"level":"info","message":"running on port: 3000","timestamp":"2023-09-01T04:23:06.026Z"}
{"level":30,"time":"2023-09-01T04:29:13.780Z","pid":23592,"hostname":"Pietro-Note-Acer-LAPTOP-37VN90M4","msg":"bootstraping server..."}
{"level":30,"time":"2023-09-01T04:29:13.818Z","pid":23592,"hostname":"Pietro-Note-Acer-LAPTOP-37VN90M4","msg":"initiating container..."}
{"level":30,"time":"2023-09-01T04:29:13.843Z","pid":23592,"hostname":"Pietro-Note-Acer-LAPTOP-37VN90M4","msg":"running on port: 3000"}
{"level":30,"time":"2023-09-01T04:29:50.045Z","pid":19664,"hostname":"Pietro-Note-Acer-LAPTOP-37VN90M4","msg":"bootstraping server..."}
{"level":30,"time":"2023-09-01T04:29:50.086Z","pid":19664,"hostname":"Pietro-Note-Acer-LAPTOP-37VN90M4","msg":"initiating container..."}
{"level":30,"time":"2023-09-01T04:29:50.115Z","pid":19664,"hostname":"Pietro-Note-Acer-LAPTOP-37VN90M4","msg":"running on port: 3000"}
{"level":30,"time":"2023-09-06T00:44:53.636Z","pid":19840,"hostname":"Pietro-Note-Acer-LAPTOP-37VN90M4","msg":"bootstraping server..."}
{"level":30,"time":"2023-09-06T00:44:53.637Z","pid":19840,"hostname":"Pietro-Note-Acer-LAPTOP-37VN90M4","msg":"initiating container..."}
{"level":30,"time":"2023-09-06T00:44:53.638Z","pid":19840,"hostname":"Pietro-Note-Acer-LAPTOP-37VN90M4","msg":"creating fastify server..."}
{"level":30,"time":"2023-09-06T00:44:53.647Z","pid":19840,"hostname":"Pietro-Note-Acer-LAPTOP-37VN90M4","msg":"Primary 19840 is running"}
{"level":30,"time":"2023-09-06T00:44:53.647Z","pid":19840,"hostname":"Pietro-Note-Acer-LAPTOP-37VN90M4","msg":"Forking process number 0..."}
{"level":30,"time":"2023-09-06T00:44:53.657Z","pid":19840,"hostname":"Pietro-Note-Acer-LAPTOP-37VN90M4","msg":"Forking process number 1..."}
{"level":30,"time":"2023-09-06T00:44:53.668Z","pid":19840,"hostname":"Pietro-Note-Acer-LAPTOP-37VN90M4","msg":"Forking process number 2..."}
{"level":30,"time":"2023-09-06T00:44:53.678Z","pid":19840,"hostname":"Pietro-Note-Acer-LAPTOP-37VN90M4","msg":"Forking process number 3..."}
{"level":30,"time":"2023-09-06T00:44:55.580Z","pid":19164,"hostname":"Pietro-Note-Acer-LAPTOP-37VN90M4","msg":"Server listening at http://0.0.0.0:3000"}
{"level":30,"time":"2023-09-06T00:44:55.614Z","pid":18324,"hostname":"Pietro-Note-Acer-LAPTOP-37VN90M4","msg":"Server listening at http://0.0.0.0:3000"}
{"level":30,"time":"2023-09-06T00:44:55.640Z","pid":19580,"hostname":"Pietro-Note-Acer-LAPTOP-37VN90M4","msg":"Server listening at http://0.0.0.0:3000"}
{"level":30,"time":"2023-09-06T00:44:55.640Z","pid":17508,"hostname":"Pietro-Note-Acer-LAPTOP-37VN90M4","msg":"Server listening at http://0.0.0.0:3000"}
{"level":30,"time":"2023-09-06T00:44:55.495Z","pid":19164,"hostname":"Pietro-Note-Acer-LAPTOP-37VN90M4","msg":"bootstraping server..."}
{"level":30,"time":"2023-09-06T00:44:55.496Z","pid":19164,"hostname":"Pietro-Note-Acer-LAPTOP-37VN90M4","msg":"initiating container..."}
{"level":30,"time":"2023-09-06T00:44:55.499Z","pid":19164,"hostname":"Pietro-Note-Acer-LAPTOP-37VN90M4","msg":"creating fastify server..."}
{"level":30,"time":"2023-09-06T00:44:55.580Z","pid":19164,"hostname":"Pietro-Note-Acer-LAPTOP-37VN90M4","msg":"process 19164 running on port: 3000"}
{"level":30,"time":"2023-09-06T00:44:55.524Z","pid":18324,"hostname":"Pietro-Note-Acer-LAPTOP-37VN90M4","msg":"bootstraping server..."}
{"level":30,"time":"2023-09-06T00:44:55.525Z","pid":18324,"hostname":"Pietro-Note-Acer-LAPTOP-37VN90M4","msg":"initiating container..."}
{"level":30,"time":"2023-09-06T00:44:55.530Z","pid":18324,"hostname":"Pietro-Note-Acer-LAPTOP-37VN90M4","msg":"creating fastify server..."}
{"level":30,"time":"2023-09-06T00:44:55.614Z","pid":18324,"hostname":"Pietro-Note-Acer-LAPTOP-37VN90M4","msg":"process 18324 running on port: 3000"}
{"level":30,"time":"2023-09-06T00:44:55.547Z","pid":17508,"hostname":"Pietro-Note-Acer-LAPTOP-37VN90M4","msg":"bootstraping server..."}
{"level":30,"time":"2023-09-06T00:44:55.548Z","pid":17508,"hostname":"Pietro-Note-Acer-LAPTOP-37VN90M4","msg":"initiating container..."}
{"level":30,"time":"2023-09-06T00:44:55.553Z","pid":17508,"hostname":"Pietro-Note-Acer-LAPTOP-37VN90M4","msg":"creating fastify server..."}
{"level":30,"time":"2023-09-06T00:44:55.640Z","pid":17508,"hostname":"Pietro-Note-Acer-LAPTOP-37VN90M4","msg":"process 17508 running on port: 3000"}
{"level":30,"time":"2023-09-06T00:44:55.542Z","pid":19580,"hostname":"Pietro-Note-Acer-LAPTOP-37VN90M4","msg":"bootstraping server..."}
{"level":30,"time":"2023-09-06T00:44:55.542Z","pid":19580,"hostname":"Pietro-Note-Acer-LAPTOP-37VN90M4","msg":"initiating container..."}
{"level":30,"time":"2023-09-06T00:44:55.546Z","pid":19580,"hostname":"Pietro-Note-Acer-LAPTOP-37VN90M4","msg":"creating fastify server..."}
{"level":30,"time":"2023-09-06T00:44:55.640Z","pid":19580,"hostname":"Pietro-Note-Acer-LAPTOP-37VN90M4","msg":"process 19580 running on port: 3000"}
{"level":30,"time":"2023-09-06T00:45:19.873Z","pid":17508,"hostname":"Pietro-Note-Acer-LAPTOP-37VN90M4","reqId":"req-1","req":{"method":"GET","url":"/","hostname":"localhost:3000","remoteAddress":"127.0.0.1","remotePort":55486},"msg":"incoming request"}
{"level":30,"time":"2023-09-06T00:45:19.883Z","pid":17508,"hostname":"Pietro-Note-Acer-LAPTOP-37VN90M4","reqId":"req-1","res":{"statusCode":200},"responseTime":9.538699999451637,"msg":"request completed"}
{"level":30,"time":"2023-09-06T00:45:21.048Z","pid":17508,"hostname":"Pietro-Note-Acer-LAPTOP-37VN90M4","reqId":"req-2","req":{"method":"GET","url":"/","hostname":"localhost:3000","remoteAddress":"127.0.0.1","remotePort":55486},"msg":"incoming request"}
{"level":30,"time":"2023-09-06T00:45:21.058Z","pid":17508,"hostname":"Pietro-Note-Acer-LAPTOP-37VN90M4","reqId":"req-2","res":{"statusCode":200},"responseTime":10.250900000333786,"msg":"request completed"}
{"level":30,"time":"2023-09-06T00:45:21.905Z","pid":17508,"hostname":"Pietro-Note-Acer-LAPTOP-37VN90M4","reqId":"req-3","req":{"method":"GET","url":"/","hostname":"localhost:3000","remoteAddress":"127.0.0.1","remotePort":55486},"msg":"incoming request"}
{"level":30,"time":"2023-09-06T00:45:21.921Z","pid":17508,"hostname":"Pietro-Note-Acer-LAPTOP-37VN90M4","reqId":"req-3","res":{"statusCode":200},"responseTime":15.988899990916252,"msg":"request completed"}
{"level":30,"time":"2023-09-06T00:55:42.649Z","pid":3528,"hostname":"Pietro-Note-Acer-LAPTOP-37VN90M4","msg":"bootstraping server..."}
{"level":30,"time":"2023-09-06T00:55:42.650Z","pid":3528,"hostname":"Pietro-Note-Acer-LAPTOP-37VN90M4","msg":"initiating container..."}
{"level":30,"time":"2023-09-06T00:55:42.654Z","pid":3528,"hostname":"Pietro-Note-Acer-LAPTOP-37VN90M4","msg":"creating fastify server..."}
{"level":30,"time":"2023-09-06T00:55:42.679Z","pid":3528,"hostname":"Pietro-Note-Acer-LAPTOP-37VN90M4","msg":"Primary 3528 is running"}
{"level":30,"time":"2023-09-06T00:55:42.679Z","pid":3528,"hostname":"Pietro-Note-Acer-LAPTOP-37VN90M4","msg":"Forking process number 0..."}
{"level":30,"time":"2023-09-06T00:55:42.697Z","pid":3528,"hostname":"Pietro-Note-Acer-LAPTOP-37VN90M4","msg":"Forking process number 1..."}
{"level":30,"time":"2023-09-06T00:55:42.713Z","pid":3528,"hostname":"Pietro-Note-Acer-LAPTOP-37VN90M4","msg":"Forking process number 2..."}
{"level":30,"time":"2023-09-06T00:55:42.732Z","pid":3528,"hostname":"Pietro-Note-Acer-LAPTOP-37VN90M4","msg":"Forking process number 3..."}
{"level":30,"time":"2023-09-06T00:55:45.351Z","pid":22620,"hostname":"Pietro-Note-Acer-LAPTOP-37VN90M4","msg":"Server listening at http://0.0.0.0:3000"}
{"level":30,"time":"2023-09-06T00:55:45.392Z","pid":18852,"hostname":"Pietro-Note-Acer-LAPTOP-37VN90M4","msg":"Server listening at http://0.0.0.0:3000"}
{"level":30,"time":"2023-09-06T00:55:45.494Z","pid":22760,"hostname":"Pietro-Note-Acer-LAPTOP-37VN90M4","msg":"Server listening at http://0.0.0.0:3000"}
{"level":30,"time":"2023-09-06T00:55:45.495Z","pid":22816,"hostname":"Pietro-Note-Acer-LAPTOP-37VN90M4","msg":"Server listening at http://0.0.0.0:3000"}
{"level":30,"time":"2023-09-06T00:55:45.360Z","pid":22816,"hostname":"Pietro-Note-Acer-LAPTOP-37VN90M4","msg":"bootstraping server..."}
{"level":30,"time":"2023-09-06T00:55:45.362Z","pid":22816,"hostname":"Pietro-Note-Acer-LAPTOP-37VN90M4","msg":"initiating container..."}
{"level":30,"time":"2023-09-06T00:55:45.369Z","pid":22816,"hostname":"Pietro-Note-Acer-LAPTOP-37VN90M4","msg":"creating fastify server..."}
{"level":30,"time":"2023-09-06T00:55:45.496Z","pid":22816,"hostname":"Pietro-Note-Acer-LAPTOP-37VN90M4","msg":"process 22816 running on port: 3000"}
{"level":30,"time":"2023-09-06T00:55:45.255Z","pid":18852,"hostname":"Pietro-Note-Acer-LAPTOP-37VN90M4","msg":"bootstraping server..."}
{"level":30,"time":"2023-09-06T00:55:45.257Z","pid":18852,"hostname":"Pietro-Note-Acer-LAPTOP-37VN90M4","msg":"initiating container..."}
{"level":30,"time":"2023-09-06T00:55:45.263Z","pid":18852,"hostname":"Pietro-Note-Acer-LAPTOP-37VN90M4","msg":"creating fastify server..."}
{"level":30,"time":"2023-09-06T00:55:45.393Z","pid":18852,"hostname":"Pietro-Note-Acer-LAPTOP-37VN90M4","msg":"process 18852 running on port: 3000"}
{"level":30,"time":"2023-09-06T00:55:45.240Z","pid":22620,"hostname":"Pietro-Note-Acer-LAPTOP-37VN90M4","msg":"bootstraping server..."}
{"level":30,"time":"2023-09-06T00:55:45.242Z","pid":22620,"hostname":"Pietro-Note-Acer-LAPTOP-37VN90M4","msg":"initiating container..."}
{"level":30,"time":"2023-09-06T00:55:45.247Z","pid":22620,"hostname":"Pietro-Note-Acer-LAPTOP-37VN90M4","msg":"creating fastify server..."}
{"level":30,"time":"2023-09-06T00:55:45.351Z","pid":22620,"hostname":"Pietro-Note-Acer-LAPTOP-37VN90M4","msg":"process 22620 running on port: 3000"}
{"level":30,"time":"2023-09-06T00:55:45.359Z","pid":22760,"hostname":"Pietro-Note-Acer-LAPTOP-37VN90M4","msg":"bootstraping server..."}
{"level":30,"time":"2023-09-06T00:55:45.360Z","pid":22760,"hostname":"Pietro-Note-Acer-LAPTOP-37VN90M4","msg":"initiating container..."}
{"level":30,"time":"2023-09-06T00:55:45.364Z","pid":22760,"hostname":"Pietro-Note-Acer-LAPTOP-37VN90M4","msg":"creating fastify server..."}
{"level":30,"time":"2023-09-06T00:55:45.494Z","pid":22760,"hostname":"Pietro-Note-Acer-LAPTOP-37VN90M4","msg":"process 22760 running on port: 3000"}
{"level":30,"time":"2023-09-06T00:58:10.076Z","pid":7648,"hostname":"Pietro-Note-Acer-LAPTOP-37VN90M4","msg":"bootstraping server..."}
{"level":30,"time":"2023-09-06T00:58:10.077Z","pid":7648,"hostname":"Pietro-Note-Acer-LAPTOP-37VN90M4","msg":"initiating container..."}
{"level":30,"time":"2023-09-06T00:58:10.081Z","pid":7648,"hostname":"Pietro-Note-Acer-LAPTOP-37VN90M4","msg":"creating fastify server..."}
{"level":30,"time":"2023-09-06T00:58:10.101Z","pid":7648,"hostname":"Pietro-Note-Acer-LAPTOP-37VN90M4","msg":"Primary 7648 is running"}
{"level":30,"time":"2023-09-06T00:58:10.101Z","pid":7648,"hostname":"Pietro-Note-Acer-LAPTOP-37VN90M4","msg":"Forking process number 0..."}
{"level":30,"time":"2023-09-06T00:58:10.119Z","pid":7648,"hostname":"Pietro-Note-Acer-LAPTOP-37VN90M4","msg":"Forking process number 1..."}
{"level":30,"time":"2023-09-06T00:58:10.138Z","pid":7648,"hostname":"Pietro-Note-Acer-LAPTOP-37VN90M4","msg":"Forking process number 2..."}
{"level":30,"time":"2023-09-06T00:58:10.156Z","pid":7648,"hostname":"Pietro-Note-Acer-LAPTOP-37VN90M4","msg":"Forking process number 3..."}
{"level":30,"time":"2023-09-06T00:58:12.706Z","pid":19320,"hostname":"Pietro-Note-Acer-LAPTOP-37VN90M4","msg":"Server listening at http://0.0.0.0:3000"}
{"level":30,"time":"2023-09-06T00:58:12.726Z","pid":17084,"hostname":"Pietro-Note-Acer-LAPTOP-37VN90M4","msg":"Server listening at http://0.0.0.0:3000"}
{"level":30,"time":"2023-09-06T00:58:12.704Z","pid":21188,"hostname":"Pietro-Note-Acer-LAPTOP-37VN90M4","msg":"Server listening at http://0.0.0.0:3000"}
{"level":30,"time":"2023-09-06T00:58:12.809Z","pid":11556,"hostname":"Pietro-Note-Acer-LAPTOP-37VN90M4","msg":"Server listening at http://0.0.0.0:3000"}
{"level":30,"time":"2023-09-06T00:58:12.594Z","pid":19320,"hostname":"Pietro-Note-Acer-LAPTOP-37VN90M4","msg":"bootstraping server..."}
{"level":30,"time":"2023-09-06T00:58:12.595Z","pid":19320,"hostname":"Pietro-Note-Acer-LAPTOP-37VN90M4","msg":"initiating container..."}
{"level":30,"time":"2023-09-06T00:58:12.599Z","pid":19320,"hostname":"Pietro-Note-Acer-LAPTOP-37VN90M4","msg":"creating fastify server..."}
{"level":30,"time":"2023-09-06T00:58:12.706Z","pid":19320,"hostname":"Pietro-Note-Acer-LAPTOP-37VN90M4","msg":"process 19320 running on port: 3000"}
{"level":30,"time":"2023-09-06T00:58:12.590Z","pid":21188,"hostname":"Pietro-Note-Acer-LAPTOP-37VN90M4","msg":"bootstraping server..."}
{"level":30,"time":"2023-09-06T00:58:12.591Z","pid":21188,"hostname":"Pietro-Note-Acer-LAPTOP-37VN90M4","msg":"initiating container..."}
{"level":30,"time":"2023-09-06T00:58:12.597Z","pid":21188,"hostname":"Pietro-Note-Acer-LAPTOP-37VN90M4","msg":"creating fastify server..."}
{"level":30,"time":"2023-09-06T00:58:12.704Z","pid":21188,"hostname":"Pietro-Note-Acer-LAPTOP-37VN90M4","msg":"process 21188 running on port: 3000"}
{"level":30,"time":"2023-09-06T00:58:12.605Z","pid":17084,"hostname":"Pietro-Note-Acer-LAPTOP-37VN90M4","msg":"bootstraping server..."}
{"level":30,"time":"2023-09-06T00:58:12.607Z","pid":17084,"hostname":"Pietro-Note-Acer-LAPTOP-37VN90M4","msg":"initiating container..."}
{"level":30,"time":"2023-09-06T00:58:12.613Z","pid":17084,"hostname":"Pietro-Note-Acer-LAPTOP-37VN90M4","msg":"creating fastify server..."}
{"level":30,"time":"2023-09-06T00:58:12.726Z","pid":17084,"hostname":"Pietro-Note-Acer-LAPTOP-37VN90M4","msg":"process 17084 running on port: 3000"}
{"level":30,"time":"2023-09-06T00:58:12.692Z","pid":11556,"hostname":"Pietro-Note-Acer-LAPTOP-37VN90M4","msg":"bootstraping server..."}
{"level":30,"time":"2023-09-06T00:58:12.696Z","pid":11556,"hostname":"Pietro-Note-Acer-LAPTOP-37VN90M4","msg":"initiating container..."}
{"level":30,"time":"2023-09-06T00:58:12.702Z","pid":11556,"hostname":"Pietro-Note-Acer-LAPTOP-37VN90M4","msg":"creating fastify server..."}
{"level":30,"time":"2023-09-06T00:58:12.810Z","pid":11556,"hostname":"Pietro-Note-Acer-LAPTOP-37VN90M4","msg":"process 11556 running on port: 3000"}
{"level":30,"time":"2023-09-06T00:59:42.052Z","pid":22220,"hostname":"Pietro-Note-Acer-LAPTOP-37VN90M4","msg":"bootstraping server..."}
{"level":30,"time":"2023-09-06T00:59:42.053Z","pid":22220,"hostname":"Pietro-Note-Acer-LAPTOP-37VN90M4","msg":"initiating container..."}
{"level":30,"time":"2023-09-06T00:59:42.055Z","pid":22220,"hostname":"Pietro-Note-Acer-LAPTOP-37VN90M4","msg":"creating fastify server..."}
{"level":30,"time":"2023-09-06T00:59:42.063Z","pid":22220,"hostname":"Pietro-Note-Acer-LAPTOP-37VN90M4","msg":"Primary 22220 is running"}
{"level":30,"time":"2023-09-06T00:59:42.063Z","pid":22220,"hostname":"Pietro-Note-Acer-LAPTOP-37VN90M4","msg":"Forking process number 0..."}
{"level":30,"time":"2023-09-06T00:59:42.072Z","pid":22220,"hostname":"Pietro-Note-Acer-LAPTOP-37VN90M4","msg":"Forking process number 1..."}
{"level":30,"time":"2023-09-06T00:59:42.080Z","pid":22220,"hostname":"Pietro-Note-Acer-LAPTOP-37VN90M4","msg":"Forking process number 2..."}
{"level":30,"time":"2023-09-06T00:59:42.089Z","pid":22220,"hostname":"Pietro-Note-Acer-LAPTOP-37VN90M4","msg":"Forking process number 3..."}
{"level":30,"time":"2023-09-06T00:59:43.701Z","pid":17944,"hostname":"Pietro-Note-Acer-LAPTOP-37VN90M4","msg":"Server listening at http://0.0.0.0:3000"}
{"level":30,"time":"2023-09-06T00:59:43.709Z","pid":13932,"hostname":"Pietro-Note-Acer-LAPTOP-37VN90M4","msg":"Server listening at http://0.0.0.0:3000"}
{"level":30,"time":"2023-09-06T00:59:43.734Z","pid":21436,"hostname":"Pietro-Note-Acer-LAPTOP-37VN90M4","msg":"Server listening at http://0.0.0.0:3000"}
{"level":30,"time":"2023-09-06T00:59:43.751Z","pid":19368,"hostname":"Pietro-Note-Acer-LAPTOP-37VN90M4","msg":"Server listening at http://0.0.0.0:3000"}
{"level":30,"time":"2023-09-06T00:59:43.694Z","pid":19368,"hostname":"Pietro-Note-Acer-LAPTOP-37VN90M4","msg":"bootstraping server..."}
{"level":30,"time":"2023-09-06T00:59:43.640Z","pid":13932,"hostname":"Pietro-Note-Acer-LAPTOP-37VN90M4","msg":"bootstraping server..."}
{"level":30,"time":"2023-09-06T00:59:43.641Z","pid":13932,"hostname":"Pietro-Note-Acer-LAPTOP-37VN90M4","msg":"initiating container..."}
{"level":30,"time":"2023-09-06T00:59:43.643Z","pid":13932,"hostname":"Pietro-Note-Acer-LAPTOP-37VN90M4","msg":"creating fastify server..."}
{"level":30,"time":"2023-09-06T00:59:43.709Z","pid":13932,"hostname":"Pietro-Note-Acer-LAPTOP-37VN90M4","msg":"process 13932 running on port: 3000"}
{"level":30,"time":"2023-09-06T00:59:43.696Z","pid":19368,"hostname":"Pietro-Note-Acer-LAPTOP-37VN90M4","msg":"initiating container..."}
{"level":30,"time":"2023-09-06T00:59:43.699Z","pid":19368,"hostname":"Pietro-Note-Acer-LAPTOP-37VN90M4","msg":"creating fastify server..."}
{"level":30,"time":"2023-09-06T00:59:43.752Z","pid":19368,"hostname":"Pietro-Note-Acer-LAPTOP-37VN90M4","msg":"process 19368 running on port: 3000"}
{"level":30,"time":"2023-09-06T00:59:43.672Z","pid":21436,"hostname":"Pietro-Note-Acer-LAPTOP-37VN90M4","msg":"bootstraping server..."}
{"level":30,"time":"2023-09-06T00:59:43.635Z","pid":17944,"hostname":"Pietro-Note-Acer-LAPTOP-37VN90M4","msg":"bootstraping server..."}
{"level":30,"time":"2023-09-06T00:59:43.673Z","pid":21436,"hostname":"Pietro-Note-Acer-LAPTOP-37VN90M4","msg":"initiating container..."}
{"level":30,"time":"2023-09-06T00:59:43.675Z","pid":21436,"hostname":"Pietro-Note-Acer-LAPTOP-37VN90M4","msg":"creating fastify server..."}
{"level":30,"time":"2023-09-06T00:59:43.734Z","pid":21436,"hostname":"Pietro-Note-Acer-LAPTOP-37VN90M4","msg":"process 21436 running on port: 3000"}
{"level":30,"time":"2023-09-06T00:59:43.636Z","pid":17944,"hostname":"Pietro-Note-Acer-LAPTOP-37VN90M4","msg":"initiating container..."}
{"level":30,"time":"2023-09-06T00:59:43.640Z","pid":17944,"hostname":"Pietro-Note-Acer-LAPTOP-37VN90M4","msg":"creating fastify server..."}
{"level":30,"time":"2023-09-06T00:59:43.701Z","pid":17944,"hostname":"Pietro-Note-Acer-LAPTOP-37VN90M4","msg":"process 17944 running on port: 3000"}
{"level":30,"time":"2023-09-06T00:59:59.667Z","pid":17316,"hostname":"Pietro-Note-Acer-LAPTOP-37VN90M4","msg":"bootstraping server..."}
{"level":30,"time":"2023-09-06T00:59:59.667Z","pid":17316,"hostname":"Pietro-Note-Acer-LAPTOP-37VN90M4","msg":"initiating container..."}
{"level":30,"time":"2023-09-06T00:59:59.669Z","pid":17316,"hostname":"Pietro-Note-Acer-LAPTOP-37VN90M4","msg":"creating fastify server..."}
{"level":30,"time":"2023-09-06T00:59:59.678Z","pid":17316,"hostname":"Pietro-Note-Acer-LAPTOP-37VN90M4","msg":"Primary 17316 is running"}
{"level":30,"time":"2023-09-06T00:59:59.678Z","pid":17316,"hostname":"Pietro-Note-Acer-LAPTOP-37VN90M4","msg":"Forking process number 0..."}
{"level":30,"time":"2023-09-06T00:59:59.690Z","pid":17316,"hostname":"Pietro-Note-Acer-LAPTOP-37VN90M4","msg":"Forking process number 1..."}
{"level":30,"time":"2023-09-06T00:59:59.698Z","pid":17316,"hostname":"Pietro-Note-Acer-LAPTOP-37VN90M4","msg":"Forking process number 2..."}
{"level":30,"time":"2023-09-06T00:59:59.708Z","pid":17316,"hostname":"Pietro-Note-Acer-LAPTOP-37VN90M4","msg":"Forking process number 3..."}
{"level":30,"time":"2023-09-06T01:00:01.096Z","pid":1672,"hostname":"Pietro-Note-Acer-LAPTOP-37VN90M4","msg":"Server listening at http://0.0.0.0:3000"}
{"level":30,"time":"2023-09-06T01:00:01.105Z","pid":14240,"hostname":"Pietro-Note-Acer-LAPTOP-37VN90M4","msg":"Server listening at http://0.0.0.0:3000"}
{"level":30,"time":"2023-09-06T01:00:01.116Z","pid":8280,"hostname":"Pietro-Note-Acer-LAPTOP-37VN90M4","msg":"Server listening at http://0.0.0.0:3000"}
{"level":30,"time":"2023-09-06T01:00:01.116Z","pid":22420,"hostname":"Pietro-Note-Acer-LAPTOP-37VN90M4","msg":"Server listening at http://0.0.0.0:3000"}
{"level":30,"time":"2023-09-06T01:00:01.043Z","pid":14240,"hostname":"Pietro-Note-Acer-LAPTOP-37VN90M4","msg":"bootstraping server..."}
{"level":30,"time":"2023-09-06T01:00:01.026Z","pid":1672,"hostname":"Pietro-Note-Acer-LAPTOP-37VN90M4","msg":"bootstraping server..."}
{"level":30,"time":"2023-09-06T01:00:01.044Z","pid":14240,"hostname":"Pietro-Note-Acer-LAPTOP-37VN90M4","msg":"initiating container..."}
{"level":30,"time":"2023-09-06T01:00:01.047Z","pid":14240,"hostname":"Pietro-Note-Acer-LAPTOP-37VN90M4","msg":"creating fastify server..."}
{"level":30,"time":"2023-09-06T01:00:01.105Z","pid":14240,"hostname":"Pietro-Note-Acer-LAPTOP-37VN90M4","msg":"process 14240 running on port: 3000"}
{"level":30,"time":"2023-09-06T01:00:01.027Z","pid":1672,"hostname":"Pietro-Note-Acer-LAPTOP-37VN90M4","msg":"initiating container..."}
{"level":30,"time":"2023-09-06T01:00:01.030Z","pid":1672,"hostname":"Pietro-Note-Acer-LAPTOP-37VN90M4","msg":"creating fastify server..."}
{"level":30,"time":"2023-09-06T01:00:01.096Z","pid":1672,"hostname":"Pietro-Note-Acer-LAPTOP-37VN90M4","msg":"process 1672 running on port: 3000"}
{"level":30,"time":"2023-09-06T01:00:01.049Z","pid":8280,"hostname":"Pietro-Note-Acer-LAPTOP-37VN90M4","msg":"bootstraping server..."}
{"level":30,"time":"2023-09-06T01:00:01.048Z","pid":22420,"hostname":"Pietro-Note-Acer-LAPTOP-37VN90M4","msg":"bootstraping server..."}
{"level":30,"time":"2023-09-06T01:00:01.049Z","pid":22420,"hostname":"Pietro-Note-Acer-LAPTOP-37VN90M4","msg":"initiating container..."}
{"level":30,"time":"2023-09-06T01:00:01.052Z","pid":22420,"hostname":"Pietro-Note-Acer-LAPTOP-37VN90M4","msg":"creating fastify server..."}
{"level":30,"time":"2023-09-06T01:00:01.116Z","pid":22420,"hostname":"Pietro-Note-Acer-LAPTOP-37VN90M4","msg":"process 22420 running on port: 3000"}
{"level":30,"time":"2023-09-06T01:00:01.050Z","pid":8280,"hostname":"Pietro-Note-Acer-LAPTOP-37VN90M4","msg":"initiating container..."}
{"level":30,"time":"2023-09-06T01:00:01.052Z","pid":8280,"hostname":"Pietro-Note-Acer-LAPTOP-37VN90M4","msg":"creating fastify server..."}
{"level":30,"time":"2023-09-06T01:00:01.116Z","pid":8280,"hostname":"Pietro-Note-Acer-LAPTOP-37VN90M4","msg":"process 8280 running on port: 3000"}
{"level":30,"time":"2023-09-06T01:00:11.259Z","pid":9652,"hostname":"Pietro-Note-Acer-LAPTOP-37VN90M4","msg":"bootstraping server..."}
{"level":30,"time":"2023-09-06T01:00:11.260Z","pid":9652,"hostname":"Pietro-Note-Acer-LAPTOP-37VN90M4","msg":"initiating container..."}
{"level":30,"time":"2023-09-06T01:00:11.261Z","pid":9652,"hostname":"Pietro-Note-Acer-LAPTOP-37VN90M4","msg":"creating fastify server..."}
{"level":30,"time":"2023-09-06T01:00:11.272Z","pid":9652,"hostname":"Pietro-Note-Acer-LAPTOP-37VN90M4","msg":"Primary 9652 is running"}
{"level":30,"time":"2023-09-06T01:00:11.272Z","pid":9652,"hostname":"Pietro-Note-Acer-LAPTOP-37VN90M4","msg":"Forking process number 0..."}
{"level":30,"time":"2023-09-06T01:00:11.284Z","pid":9652,"hostname":"Pietro-Note-Acer-LAPTOP-37VN90M4","msg":"Forking process number 1..."}
{"level":30,"time":"2023-09-06T01:00:11.297Z","pid":9652,"hostname":"Pietro-Note-Acer-LAPTOP-37VN90M4","msg":"Forking process number 2..."}
{"level":30,"time":"2023-09-06T01:00:11.311Z","pid":9652,"hostname":"Pietro-Note-Acer-LAPTOP-37VN90M4","msg":"Forking process number 3..."}
{"level":30,"time":"2023-09-06T01:00:13.065Z","pid":7756,"hostname":"Pietro-Note-Acer-LAPTOP-37VN90M4","msg":"bootstraping server..."}
{"level":30,"time":"2023-09-06T01:00:13.066Z","pid":7756,"hostname":"Pietro-Note-Acer-LAPTOP-37VN90M4","msg":"initiating container..."}
{"level":30,"time":"2023-09-06T01:00:13.070Z","pid":7756,"hostname":"Pietro-Note-Acer-LAPTOP-37VN90M4","msg":"creating fastify server..."}
{"level":30,"time":"2023-09-06T01:00:13.156Z","pid":7756,"hostname":"Pietro-Note-Acer-LAPTOP-37VN90M4","msg":"process 7756 running on port: 3000"}
{"level":30,"time":"2023-09-06T01:00:13.050Z","pid":23352,"hostname":"Pietro-Note-Acer-LAPTOP-37VN90M4","msg":"bootstraping server..."}
{"level":30,"time":"2023-09-06T01:00:13.046Z","pid":20512,"hostname":"Pietro-Note-Acer-LAPTOP-37VN90M4","msg":"bootstraping server..."}
{"level":30,"time":"2023-09-06T01:00:13.050Z","pid":23352,"hostname":"Pietro-Note-Acer-LAPTOP-37VN90M4","msg":"initiating container..."}
{"level":30,"time":"2023-09-06T01:00:13.054Z","pid":23352,"hostname":"Pietro-Note-Acer-LAPTOP-37VN90M4","msg":"creating fastify server..."}
{"level":30,"time":"2023-09-06T01:00:13.133Z","pid":23352,"hostname":"Pietro-Note-Acer-LAPTOP-37VN90M4","msg":"process 23352 running on port: 3000"}
{"level":30,"time":"2023-09-06T01:00:13.047Z","pid":20512,"hostname":"Pietro-Note-Acer-LAPTOP-37VN90M4","msg":"initiating container..."}
{"level":30,"time":"2023-09-06T01:00:13.049Z","pid":20512,"hostname":"Pietro-Note-Acer-LAPTOP-37VN90M4","msg":"creating fastify server..."}
{"level":30,"time":"2023-09-06T01:00:13.135Z","pid":20512,"hostname":"Pietro-Note-Acer-LAPTOP-37VN90M4","msg":"process 20512 running on port: 3000"}
{"level":30,"time":"2023-09-06T01:00:13.128Z","pid":17616,"hostname":"Pietro-Note-Acer-LAPTOP-37VN90M4","msg":"Server listening at http://0.0.0.0:3000"}
{"level":30,"time":"2023-09-06T01:00:13.135Z","pid":20512,"hostname":"Pietro-Note-Acer-LAPTOP-37VN90M4","msg":"Server listening at http://0.0.0.0:3000"}
{"level":30,"time":"2023-09-06T01:00:13.156Z","pid":7756,"hostname":"Pietro-Note-Acer-LAPTOP-37VN90M4","msg":"Server listening at http://0.0.0.0:3000"}
{"level":30,"time":"2023-09-06T01:00:13.045Z","pid":17616,"hostname":"Pietro-Note-Acer-LAPTOP-37VN90M4","msg":"bootstraping server..."}
{"level":30,"time":"2023-09-06T01:00:13.046Z","pid":17616,"hostname":"Pietro-Note-Acer-LAPTOP-37VN90M4","msg":"initiating container..."}
{"level":30,"time":"2023-09-06T01:00:13.048Z","pid":17616,"hostname":"Pietro-Note-Acer-LAPTOP-37VN90M4","msg":"creating fastify server..."}
{"level":30,"time":"2023-09-06T01:00:13.128Z","pid":17616,"hostname":"Pietro-Note-Acer-LAPTOP-37VN90M4","msg":"process 17616 running on port: 3000"}
{"level":30,"time":"2023-09-06T01:00:13.133Z","pid":23352,"hostname":"Pietro-Note-Acer-LAPTOP-37VN90M4","msg":"Server listening at http://0.0.0.0:3000"}
{"level":30,"time":"2023-09-06T01:00:18.647Z","pid":18112,"hostname":"Pietro-Note-Acer-LAPTOP-37VN90M4","msg":"bootstraping server..."}
{"level":30,"time":"2023-09-06T01:00:18.648Z","pid":18112,"hostname":"Pietro-Note-Acer-LAPTOP-37VN90M4","msg":"initiating container..."}
{"level":30,"time":"2023-09-06T01:00:18.650Z","pid":18112,"hostname":"Pietro-Note-Acer-LAPTOP-37VN90M4","msg":"creating fastify server..."}
{"level":30,"time":"2023-09-06T01:00:18.664Z","pid":18112,"hostname":"Pietro-Note-Acer-LAPTOP-37VN90M4","msg":"Primary 18112 is running"}
{"level":30,"time":"2023-09-06T01:00:18.664Z","pid":18112,"hostname":"Pietro-Note-Acer-LAPTOP-37VN90M4","msg":"Forking process number 0..."}
{"level":30,"time":"2023-09-06T01:00:18.677Z","pid":18112,"hostname":"Pietro-Note-Acer-LAPTOP-37VN90M4","msg":"Forking process number 1..."}
{"level":30,"time":"2023-09-06T01:00:18.685Z","pid":18112,"hostname":"Pietro-Note-Acer-LAPTOP-37VN90M4","msg":"Forking process number 2..."}
{"level":30,"time":"2023-09-06T01:00:18.695Z","pid":18112,"hostname":"Pietro-Note-Acer-LAPTOP-37VN90M4","msg":"Forking process number 3..."}
{"level":30,"time":"2023-09-06T01:00:20.325Z","pid":18864,"hostname":"Pietro-Note-Acer-LAPTOP-37VN90M4","msg":"Server listening at http://0.0.0.0:3000"}
{"level":30,"time":"2023-09-06T01:00:20.224Z","pid":18864,"hostname":"Pietro-Note-Acer-LAPTOP-37VN90M4","msg":"bootstraping server..."}
{"level":30,"time":"2023-09-06T01:00:20.226Z","pid":18864,"hostname":"Pietro-Note-Acer-LAPTOP-37VN90M4","msg":"initiating container..."}
{"level":30,"time":"2023-09-06T01:00:20.230Z","pid":18864,"hostname":"Pietro-Note-Acer-LAPTOP-37VN90M4","msg":"creating fastify server..."}
{"level":30,"time":"2023-09-06T01:00:20.325Z","pid":18864,"hostname":"Pietro-Note-Acer-LAPTOP-37VN90M4","msg":"process 18864 running on port: 3000"}
{"level":30,"time":"2023-09-06T01:00:20.314Z","pid":11132,"hostname":"Pietro-Note-Acer-LAPTOP-37VN90M4","msg":"Server listening at http://0.0.0.0:3000"}
{"level":30,"time":"2023-09-06T01:00:20.238Z","pid":3596,"hostname":"Pietro-Note-Acer-LAPTOP-37VN90M4","msg":"bootstraping server..."}
{"level":30,"time":"2023-09-06T01:00:20.239Z","pid":3596,"hostname":"Pietro-Note-Acer-LAPTOP-37VN90M4","msg":"initiating container..."}
{"level":30,"time":"2023-09-06T01:00:20.243Z","pid":3596,"hostname":"Pietro-Note-Acer-LAPTOP-37VN90M4","msg":"creating fastify server..."}
{"level":30,"time":"2023-09-06T01:00:20.336Z","pid":3596,"hostname":"Pietro-Note-Acer-LAPTOP-37VN90M4","msg":"process 3596 running on port: 3000"}
{"level":30,"time":"2023-09-06T01:00:20.221Z","pid":11132,"hostname":"Pietro-Note-Acer-LAPTOP-37VN90M4","msg":"bootstraping server..."}
{"level":30,"time":"2023-09-06T01:00:20.222Z","pid":11132,"hostname":"Pietro-Note-Acer-LAPTOP-37VN90M4","msg":"initiating container..."}
{"level":30,"time":"2023-09-06T01:00:20.226Z","pid":11132,"hostname":"Pietro-Note-Acer-LAPTOP-37VN90M4","msg":"creating fastify server..."}
{"level":30,"time":"2023-09-06T01:00:20.314Z","pid":11132,"hostname":"Pietro-Note-Acer-LAPTOP-37VN90M4","msg":"process 11132 running on port: 3000"}
{"level":30,"time":"2023-09-06T01:00:20.336Z","pid":3596,"hostname":"Pietro-Note-Acer-LAPTOP-37VN90M4","msg":"Server listening at http://0.0.0.0:3000"}
{"level":30,"time":"2023-09-06T01:00:20.332Z","pid":11576,"hostname":"Pietro-Note-Acer-LAPTOP-37VN90M4","msg":"bootstraping server..."}
{"level":30,"time":"2023-09-06T01:00:20.333Z","pid":11576,"hostname":"Pietro-Note-Acer-LAPTOP-37VN90M4","msg":"initiating container..."}
{"level":30,"time":"2023-09-06T01:00:20.337Z","pid":11576,"hostname":"Pietro-Note-Acer-LAPTOP-37VN90M4","msg":"creating fastify server..."}
{"level":30,"time":"2023-09-06T01:00:20.417Z","pid":11576,"hostname":"Pietro-Note-Acer-LAPTOP-37VN90M4","msg":"process 11576 running on port: 3000"}
{"level":30,"time":"2023-09-06T01:00:20.417Z","pid":11576,"hostname":"Pietro-Note-Acer-LAPTOP-37VN90M4","msg":"Server listening at http://0.0.0.0:3000"}
